Time resolution is 1 ps
---------------------------------------------------------------------------------------------
Time | Opcode |   a   |   b   |        y (Hex)        |        y (Dec)        | C | B | Z |
---------------------------------------------------------------------------------------------
   0 |  0000  |  170  |   85  | 16'h00ff |    255 | 0 | x | 0 |
  10 |  0001  |  170  |   85  | 16'h0055 |     85 | 0 | 0 | 0 |
  20 |  0010  |  170  |   85  | 16'h3872 |  14450 | 0 | 0 | 0 |
  30 |  0011  |  170  |   85  | 16'h0001 |      1 | 0 | 0 | 0 |
  40 |  0100  |  170  |   85  | 16'h0002 |      2 | 0 | 0 | 0 |
  50 |  0101  |  170  |   85  | 16'h00ff |    255 | 0 | 0 | 0 |
  60 |  0110  |  170  |   85  | 16'h0000 |      0 | 0 | 0 | 1 |
  70 |  0111  |  170  |   85  | 16'hff00 |  65280 | 0 | 0 | 0 |
  80 |  1000  |  170  |   85  | 16'hffff |  65535 | 0 | 0 | 0 |
  90 |  1001  |  170  |   85  | 16'h00ff |    255 | 0 | 0 | 0 |
 100 |  1010  |  170  |   85  | 16'hff00 |  65280 | 0 | 0 | 0 |
 110 |  1011  |  170  |   85  | 16'hab56 |  43862 | 1 | 0 | 0 |
 120 |  1100  |  170  |   85  | 16'h0054 |     84 | 1 | 0 | 0 |
 130 |  1101  |  170  |   85  | 16'h0055 |     85 | 0 | 0 | 0 |
 140 |  1110  |  170  |   85  | 16'h0055 |     85 | 0 | 0 | 0 |
 150 |  1111  |  170  |   85  | 16'h0055 |     85 | 0 | 0 | 0 |
---------------------------------------------------------------------------------------------
All test cases finished successfully!
$finish called at time : 160 ns : File "C:/Vivado_Projects/beahvioral_modelling/dlcd/alu_8bit/alu_8bit.srcs/sim_1/new/tb_alu_8bit.v" Line 82
